0001_0043_0005_0027_0027.jpg 1 43 5 27 27
0002_0056_0009_0026_0026.jpg 1 56 9 26 26
0003_0062_0008_0027_0027.jpg 1 62 8 27 27
0004_0035_0008_0024_0024.jpg 1 35 8 24 24
0005_0046_0004_0027_0027.jpg 1 46 4 27 27
0006_0020_0012_0025_0025.jpg 1 20 12 25 25
0007_0039_0004_0025_0025.jpg 1 39 4 25 25
0008_0015_0007_0024_0024.jpg 1 15 7 24 24
0009_0046_0003_0027_0027.jpg 1 46 3 27 27
0010_0065_0002_0024_0024.jpg 1 65 2 24 24
0011_0033_0011_0025_0025.jpg 1 33 11 25 25
0012_0060_0006_0026_0026.jpg 1 60 6 26 26
0013_0062_0007_0027_0027.jpg 1 62 7 27 27
0014_0018_0003_0025_0025.jpg 1 18 3 25 25
0015_0022_0002_0026_0026.jpg 1 22 2 26 26
0016_0026_0006_0024_0024.jpg 1 26 6 24 24
0017_0031_0011_0026_0026.jpg 1 31 11 26 26
0018_0055_0011_0024_0024.jpg 1 55 11 24 24
0019_0016_0009_0026_0026.jpg 1 16 9 26 26
0020_0012_0012_0026_0026.jpg 1 12 12 26 26
0021_0010_0007_0024_0024.jpg 1 10 7 24 24
0022_0046_0003_0027_0027.jpg 1 46 3 27 27
0023_0008_0013_0025_0025.jpg 1 8 13 25 25
0024_0024_0002_0026_0026.jpg 1 24 2 26 26
0025_0059_0011_0027_0027.jpg 1 59 11 27 27
0026_0036_0011_0024_0024.jpg 1 36 11 24 24
0027_0011_0008_0025_0025.jpg 1 11 8 25 25
0028_0037_0012_0025_0025.jpg 1 37 12 25 25
0029_0027_0004_0026_0026.jpg 1 27 4 26 26
0030_0037_0003_0025_0025.jpg 1 37 3 25 25
0031_0046_0002_0024_0024.jpg 1 46 2 24 24
0032_0035_0004_0024_0024.jpg 1 35 4 24 24
0033_0021_0008_0027_0027.jpg 1 21 8 27 27
0034_0038_0009_0024_0024.jpg 1 38 9 24 24
0035_0041_0010_0026_0026.jpg 1 41 10 26 26
0036_0009_0005_0024_0024.jpg 1 9 5 24 24
0037_0033_0009_0025_0025.jpg 1 33 9 25 25
0038_0062_0009_0027_0027.jpg 1 62 9 27 27
0039_0027_0010_0026_0026.jpg 1 27 10 26 26
0040_0027_0007_0024_0024.jpg 1 27 7 24 24
0041_0052_0002_0026_0026.jpg 1 52 2 26 26
0042_0062_0005_0024_0024.jpg 1 62 5 24 24
0043_0039_0001_0027_0027.jpg 1 39 1 27 27
0044_0031_0005_0024_0024.jpg 1 31 5 24 24
0045_0015_0007_0026_0026.jpg 1 15 7 26 26
0046_0030_0007_0027_0027.jpg 1 30 7 27 27
0047_0041_0012_0024_0024.jpg 1 41 12 24 24
0048_0016_0003_0027_0027.jpg 1 16 3 27 27
0049_0023_0003_0026_0026.jpg 1 23 3 26 26
0050_0046_0002_0025_0025.jpg 1 46 2 25 25
0051_0032_0010_0027_0027.jpg 1 32 10 27 27
0052_0016_0007_0027_0027.jpg 1 16 7 27 27
0053_0020_0012_0024_0024.jpg 1 20 12 24 24
0054_0044_0003_0024_0024.jpg 1 44 3 24 24
0055_0022_0006_0026_0026.jpg 1 22 6 26 26
0056_0013_0008_0024_0024.jpg 1 13 8 24 24
0057_0062_0010_0025_0025.jpg 1 62 10 25 25
0058_0028_0003_0026_0026.jpg 1 28 3 26 26
0059_0040_0009_0024_0024.jpg 1 40 9 24 24
0060_0045_0012_0026_0026.jpg 1 45 12 26 26
0061_0011_0009_0027_0027.jpg 1 11 9 27 27
0062_0023_0005_0027_0027.jpg 1 23 5 27 27
0063_0047_0003_0024_0024.jpg 1 47 3 24 24
0064_0055_0010_0025_0025.jpg 1 55 10 25 25
0065_0061_0010_0027_0027.jpg 1 61 10 27 27
0066_0033_0002_0024_0024.jpg 1 33 2 24 24
0067_0008_0001_0024_0024.jpg 1 8 1 24 24
0068_0008_0002_0027_0027.jpg 1 8 2 27 27
0069_0061_0010_0024_0024.jpg 1 61 10 24 24
0070_0023_0006_0026_0026.jpg 1 23 6 26 26
0071_0016_0009_0026_0026.jpg 1 16 9 26 26
0072_0032_0004_0024_0024.jpg 1 32 4 24 24
0073_0024_0009_0024_0024.jpg 1 24 9 24 24
0074_0014_0003_0026_0026.jpg 1 14 3 26 26
0075_0035_0009_0027_0027.jpg 1 35 9 27 27
0076_0047_0006_0026_0026.jpg 1 47 6 26 26
0077_0010_0004_0025_0025.jpg 1 10 4 25 25
0078_0054_0003_0026_0026.jpg 1 54 3 26 26
0079_0047_0006_0027_0027.jpg 1 47 6 27 27
0080_0014_0012_0025_0025.jpg 1 14 12 25 25
0081_0058_0012_0025_0025.jpg 1 58 12 25 25
0082_0030_0006_0025_0025.jpg 1 30 6 25 25
0083_0017_0009_0024_0024.jpg 1 17 9 24 24
0084_0062_0010_0024_0024.jpg 1 62 10 24 24
0085_0050_0007_0027_0027.jpg 1 50 7 27 27
0086_0015_0010_0027_0027.jpg 1 15 10 27 27
0087_0049_0003_0025_0025.jpg 1 49 3 25 25
0088_0026_0005_0024_0024.jpg 1 26 5 24 24
0089_0013_0004_0027_0027.jpg 1 13 4 27 27
0090_0036_0007_0025_0025.jpg 1 36 7 25 25
0091_0036_0007_0024_0024.jpg 1 36 7 24 24
0092_0057_0012_0025_0025.jpg 1 57 12 25 25
0093_0032_0009_0027_0027.jpg 1 32 9 27 27
0094_0040_0011_0026_0026.jpg 1 40 11 26 26
0095_0042_0007_0024_0024.jpg 1 42 7 24 24
0096_0036_0011_0024_0024.jpg 1 36 11 24 24
0097_0058_0008_0025_0025.jpg 1 58 8 25 25
0098_0039_0003_0025_0025.jpg 1 39 3 25 25
0099_0043_0004_0024_0024.jpg 1 43 4 24 24
0100_0046_0004_0026_0026.jpg 1 46 4 26 26
0101_0052_0008_0024_0024.jpg 1 52 8 24 24
0102_0041_0006_0026_0026.jpg 1 41 6 26 26
0103_0054_0003_0024_0024.jpg 1 54 3 24 24
0104_0036_0006_0027_0027.jpg 1 36 6 27 27
0105_0051_0007_0027_0027.jpg 1 51 7 27 27
0106_0048_0002_0027_0027.jpg 1 48 2 27 27
0107_0025_0001_0025_0025.jpg 1 25 1 25 25
0108_0062_0005_0027_0027.jpg 1 62 5 27 27
0109_0008_0012_0024_0024.jpg 1 8 12 24 24
0110_0067_0001_0025_0025.jpg 1 67 1 25 25
0111_0055_0006_0025_0025.jpg 1 55 6 25 25
0112_0045_0012_0024_0024.jpg 1 45 12 24 24
0113_0012_0013_0024_0024.jpg 1 12 13 24 24
0114_0046_0007_0025_0025.jpg 1 46 7 25 25
0115_0013_0007_0026_0026.jpg 1 13 7 26 26
0116_0062_0011_0024_0024.jpg 1 62 11 24 24
0117_0015_0011_0025_0025.jpg 1 15 11 25 25
0118_0042_0011_0026_0026.jpg 1 42 11 26 26
0119_0008_0004_0025_0025.jpg 1 8 4 25 25
0120_0046_0010_0027_0027.jpg 1 46 10 27 27
0121_0009_0002_0026_0026.jpg 1 9 2 26 26
0122_0041_0005_0025_0025.jpg 1 41 5 25 25
0123_0041_0009_0025_0025.jpg 1 41 9 25 25
0124_0058_0007_0025_0025.jpg 1 58 7 25 25
0125_0008_0012_0025_0025.jpg 1 8 12 25 25
0126_0038_0013_0025_0025.jpg 1 38 13 25 25
0127_0007_0002_0024_0024.jpg 1 7 2 24 24
0128_0036_0012_0024_0024.jpg 1 36 12 24 24
0129_0020_0009_0025_0025.jpg 1 20 9 25 25
0130_0050_0011_0026_0026.jpg 1 50 11 26 26
0131_0010_0006_0024_0024.jpg 1 10 6 24 24
0132_0015_0010_0025_0025.jpg 1 15 10 25 25
0133_0012_0011_0025_0025.jpg 1 12 11 25 25
0134_0030_0008_0025_0025.jpg 1 30 8 25 25
0135_0037_0013_0025_0025.jpg 1 37 13 25 25
0136_0043_0004_0025_0025.jpg 1 43 4 25 25
0137_0010_0011_0025_0025.jpg 1 10 11 25 25
0138_0042_0009_0027_0027.jpg 1 42 9 27 27
0139_0023_0009_0026_0026.jpg 1 23 9 26 26
0140_0036_0002_0026_0026.jpg 1 36 2 26 26
0141_0048_0008_0026_0026.jpg 1 48 8 26 26
0142_0026_0007_0024_0024.jpg 1 26 7 24 24
0143_0061_0006_0024_0024.jpg 1 61 6 24 24
0144_0031_0005_0026_0026.jpg 1 31 5 26 26
0145_0038_0006_0024_0024.jpg 1 38 6 24 24
0146_0064_0002_0025_0025.jpg 1 64 2 25 25
0147_0061_0008_0025_0025.jpg 1 61 8 25 25
0148_0043_0006_0024_0024.jpg 1 43 6 24 24
0149_0036_0005_0026_0026.jpg 1 36 5 26 26
0150_0042_0008_0024_0024.jpg 1 42 8 24 24
0151_0039_0004_0027_0027.jpg 1 39 4 27 27
0152_0041_0003_0026_0026.jpg 1 41 3 26 26
0153_0039_0007_0027_0027.jpg 1 39 7 27 27
0154_0047_0010_0025_0025.jpg 1 47 10 25 25
0155_0059_0011_0027_0027.jpg 1 59 11 27 27
0156_0045_0002_0027_0027.jpg 1 45 2 27 27
0157_0049_0010_0026_0026.jpg 1 49 10 26 26
0158_0009_0001_0027_0027.jpg 1 9 1 27 27
0159_0045_0010_0027_0027.jpg 1 45 10 27 27
0160_0062_0003_0025_0025.jpg 1 62 3 25 25
0161_0059_0011_0024_0024.jpg 1 59 11 24 24
0162_0021_0007_0027_0027.jpg 1 21 7 27 27
0163_0030_0003_0025_0025.jpg 1 30 3 25 25
0164_0039_0004_0025_0025.jpg 1 39 4 25 25
0165_0015_0005_0025_0025.jpg 1 15 5 25 25
0166_0053_0005_0027_0027.jpg 1 53 5 27 27
0167_0067_0009_0025_0025.jpg 1 67 9 25 25
0168_0062_0004_0024_0024.jpg 1 62 4 24 24
0169_0012_0011_0024_0024.jpg 1 12 11 24 24
0170_0022_0006_0024_0024.jpg 1 22 6 24 24
0171_0047_0003_0026_0026.jpg 1 47 3 26 26
0172_0056_0006_0024_0024.jpg 1 56 6 24 24
0173_0012_0010_0026_0026.jpg 1 12 10 26 26
0174_0044_0011_0025_0025.jpg 1 44 11 25 25
0175_0055_0006_0026_0026.jpg 1 55 6 26 26
0176_0038_0011_0025_0025.jpg 1 38 11 25 25
0177_0021_0005_0027_0027.jpg 1 21 5 27 27
0178_0009_0003_0025_0025.jpg 1 9 3 25 25
0179_0021_0013_0024_0024.jpg 1 21 13 24 24
0180_0016_0010_0026_0026.jpg 1 16 10 26 26
0181_0009_0005_0027_0027.jpg 1 9 5 27 27
0182_0058_0006_0026_0026.jpg 1 58 6 26 26
0183_0031_0011_0024_0024.jpg 1 31 11 24 24
0184_0023_0013_0024_0024.jpg 1 23 13 24 24
0185_0042_0013_0024_0024.jpg 1 42 13 24 24
0186_0058_0007_0024_0024.jpg 1 58 7 24 24
0187_0045_0003_0027_0027.jpg 1 45 3 27 27
0188_0051_0003_0027_0027.jpg 1 51 3 27 27
0189_0027_0012_0025_0025.jpg 1 27 12 25 25
0190_0043_0009_0026_0026.jpg 1 43 9 26 26
0191_0063_0004_0025_0025.jpg 1 63 4 25 25
0192_0033_0008_0027_0027.jpg 1 33 8 27 27
0193_0020_0007_0025_0025.jpg 1 20 7 25 25
0194_0040_0007_0024_0024.jpg 1 40 7 24 24
0195_0039_0007_0026_0026.jpg 1 39 7 26 26
0196_0026_0009_0025_0025.jpg 1 26 9 25 25
0197_0024_0003_0024_0024.jpg 1 24 3 24 24
0198_0010_0004_0026_0026.jpg 1 10 4 26 26
0199_0064_0011_0025_0025.jpg 1 64 11 25 25
0200_0056_0012_0026_0026.jpg 1 56 12 26 26
0201_0062_0011_0026_0026.jpg 1 62 11 26 26
0202_0053_0014_0024_0024.jpg 1 53 14 24 24
0203_0055_0012_0025_0025.jpg 1 55 12 25 25
0204_0064_0010_0024_0024.jpg 1 64 10 24 24
0205_0044_0006_0027_0027.jpg 1 44 6 27 27
0206_0054_0004_0024_0024.jpg 1 54 4 24 24
0207_0040_0001_0026_0026.jpg 1 40 1 26 26
0208_0046_0013_0025_0025.jpg 1 46 13 25 25
0209_0026_0009_0026_0026.jpg 1 26 9 26 26
0210_0046_0001_0025_0025.jpg 1 46 1 25 25
0211_0057_0003_0026_0026.jpg 1 57 3 26 26
0212_0010_0009_0026_0026.jpg 1 10 9 26 26
0213_0016_0008_0027_0027.jpg 1 16 8 27 27
0214_0044_0007_0024_0024.jpg 1 44 7 24 24
0215_0063_0007_0026_0026.jpg 1 63 7 26 26
0216_0013_0005_0026_0026.jpg 1 13 5 26 26
0217_0027_0008_0027_0027.jpg 1 27 8 27 27
0218_0048_0004_0024_0024.jpg 1 48 4 24 24
0219_0016_0009_0027_0027.jpg 1 16 9 27 27
0220_0009_0010_0024_0024.jpg 1 9 10 24 24
0221_0057_0005_0025_0025.jpg 1 57 5 25 25
0222_0023_0001_0024_0024.jpg 1 23 1 24 24
0223_0024_0010_0026_0026.jpg 1 24 10 26 26
0224_0014_0003_0027_0027.jpg 1 14 3 27 27
0225_0011_0007_0027_0027.jpg 1 11 7 27 27
0226_0013_0012_0025_0025.jpg 1 13 12 25 25
0227_0062_0009_0027_0027.jpg 1 62 9 27 27
0228_0057_0007_0026_0026.jpg 1 57 7 26 26
0229_0040_0011_0024_0024.jpg 1 40 11 24 24
0230_0015_0008_0027_0027.jpg 1 15 8 27 27
0231_0025_0003_0027_0027.jpg 1 25 3 27 27
0232_0045_0010_0026_0026.jpg 1 45 10 26 26
0233_0036_0008_0026_0026.jpg 1 36 8 26 26
0234_0055_0001_0027_0027.jpg 1 55 1 27 27
0235_0067_0010_0024_0024.jpg 1 67 10 24 24
0236_0045_0011_0024_0024.jpg 1 45 11 24 24
0237_0032_0009_0024_0024.jpg 1 32 9 24 24
0238_0043_0002_0025_0025.jpg 1 43 2 25 25
0239_0019_0008_0025_0025.jpg 1 19 8 25 25
0240_0040_0013_0024_0024.jpg 1 40 13 24 24
0241_0032_0006_0024_0024.jpg 1 32 6 24 24
0242_0056_0003_0025_0025.jpg 1 56 3 25 25
0243_0022_0008_0025_0025.jpg 1 22 8 25 25
0244_0015_0009_0025_0025.jpg 1 15 9 25 25
0245_0064_0007_0025_0025.jpg 1 64 7 25 25
0246_0059_0003_0026_0026.jpg 1 59 3 26 26
0247_0020_0011_0027_0027.jpg 1 20 11 27 27
0248_0057_0005_0026_0026.jpg 1 57 5 26 26
0249_0045_0004_0025_0025.jpg 1 45 4 25 25
0250_0008_0002_0027_0027.jpg 1 8 2 27 27
0251_0026_0002_0024_0024.jpg 1 26 2 24 24
0252_0056_0001_0027_0027.jpg 1 56 1 27 27
0253_0011_0005_0024_0024.jpg 1 11 5 24 24
0254_0012_0011_0024_0024.jpg 1 12 11 24 24
0255_0057_0003_0024_0024.jpg 1 57 3 24 24
0256_0031_0004_0026_0026.jpg 1 31 4 26 26
0257_0051_0006_0026_0026.jpg 1 51 6 26 26
0258_0036_0009_0025_0025.jpg 1 36 9 25 25
0259_0010_0011_0026_0026.jpg 1 10 11 26 26
0260_0030_0010_0026_0026.jpg 1 30 10 26 26
0261_0047_0003_0025_0025.jpg 1 47 3 25 25
0262_0052_0012_0025_0025.jpg 1 52 12 25 25
0263_0023_0001_0024_0024.jpg 1 23 1 24 24
0264_0026_0002_0024_0024.jpg 1 26 2 24 24
0265_0011_0012_0025_0025.jpg 1 11 12 25 25
0266_0065_0011_0026_0026.jpg 1 65 11 26 26
0267_0012_0008_0026_0026.jpg 1 12 8 26 26
0268_0049_0009_0027_0027.jpg 1 49 9 27 27
0269_0050_0004_0025_0025.jpg 1 50 4 25 25
0270_0024_0009_0025_0025.jpg 1 24 9 25 25
0271_0037_0011_0024_0024.jpg 1 37 11 24 24
0272_0022_0008_0025_0025.jpg 1 22 8 25 25
0273_0042_0003_0024_0024.jpg 1 42 3 24 24
0274_0009_0011_0027_0027.jpg 1 9 11 27 27
0275_0043_0001_0026_0026.jpg 1 43 1 26 26
0276_0013_0013_0025_0025.jpg 1 13 13 25 25
0277_0011_0010_0025_0025.jpg 1 11 10 25 25
0278_0021_0011_0026_0026.jpg 1 21 11 26 26
0279_0043_0003_0027_0027.jpg 1 43 3 27 27
0280_0054_0001_0025_0025.jpg 1 54 1 25 25
0281_0010_0012_0025_0025.jpg 1 10 12 25 25
0282_0032_0004_0024_0024.jpg 1 32 4 24 24
0283_0013_0012_0026_0026.jpg 1 13 12 26 26
0284_0052_0009_0026_0026.jpg 1 52 9 26 26
0285_0061_0010_0025_0025.jpg 1 61 10 25 25
0286_0025_0006_0025_0025.jpg 1 25 6 25 25
0287_0030_0008_0025_0025.jpg 1 30 8 25 25
0288_0020_0005_0025_0025.jpg 1 20 5 25 25
0289_0013_0007_0024_0024.jpg 1 13 7 24 24
0290_0026_0009_0027_0027.jpg 1 26 9 27 27
0291_0008_0011_0025_0025.jpg 1 8 11 25 25
0292_0030_0012_0025_0025.jpg 1 30 12 25 25
0293_0053_0004_0024_0024.jpg 1 53 4 24 24
0294_0064_0004_0027_0027.jpg 1 64 4 27 27
0295_0055_0002_0027_0027.jpg 1 55 2 27 27
0296_0040_0003_0025_0025.jpg 1 40 3 25 25
0297_0052_0003_0027_0027.jpg 1 52 3 27 27
0298_0012_0008_0027_0027.jpg 1 12 8 27 27
0299_0032_0003_0026_0026.jpg 1 32 3 26 26
0300_0024_0013_0024_0024.jpg 1 24 13 24 24
0301_0054_0005_0024_0024.jpg 1 54 5 24 24
0302_0063_0008_0026_0026.jpg 1 63 8 26 26
0303_0056_0008_0027_0027.jpg 1 56 8 27 27
0304_0049_0012_0024_0024.jpg 1 49 12 24 24
0305_0029_0007_0027_0027.jpg 1 29 7 27 27
0306_0026_0003_0027_0027.jpg 1 26 3 27 27
0307_0025_0005_0025_0025.jpg 1 25 5 25 25
0308_0007_0008_0026_0026.jpg 1 7 8 26 26
0309_0020_0011_0027_0027.jpg 1 20 11 27 27
0310_0036_0005_0026_0026.jpg 1 36 5 26 26
0311_0031_0007_0025_0025.jpg 1 31 7 25 25
0312_0063_0005_0025_0025.jpg 1 63 5 25 25
0313_0022_0009_0025_0025.jpg 1 22 9 25 25
0314_0063_0006_0024_0024.jpg 1 63 6 24 24
0315_0011_0011_0027_0027.jpg 1 11 11 27 27
0316_0027_0007_0027_0027.jpg 1 27 7 27 27
0317_0036_0011_0026_0026.jpg 1 36 11 26 26
0318_0042_0011_0027_0027.jpg 1 42 11 27 27
0319_0065_0008_0025_0025.jpg 1 65 8 25 25
0320_0042_0005_0025_0025.jpg 1 42 5 25 25
0321_0053_0001_0026_0026.jpg 1 53 1 26 26
0322_0040_0010_0025_0025.jpg 1 40 10 25 25
0323_0055_0009_0025_0025.jpg 1 55 9 25 25
0324_0056_0010_0025_0025.jpg 1 56 10 25 25
0325_0025_0012_0026_0026.jpg 1 25 12 26 26
0326_0062_0001_0027_0027.jpg 1 62 1 27 27
0327_0044_0008_0026_0026.jpg 1 44 8 26 26
0328_0019_0003_0025_0025.jpg 1 19 3 25 25
0329_0011_0004_0027_0027.jpg 1 11 4 27 27
0330_0021_0005_0025_0025.jpg 1 21 5 25 25
0331_0046_0007_0027_0027.jpg 1 46 7 27 27
0332_0025_0005_0024_0024.jpg 1 25 5 24 24
0333_0038_0005_0027_0027.jpg 1 38 5 27 27
0334_0045_0011_0027_0027.jpg 1 45 11 27 27
0335_0065_0009_0027_0027.jpg 1 65 9 27 27
0336_0015_0010_0025_0025.jpg 1 15 10 25 25
0337_0050_0004_0027_0027.jpg 1 50 4 27 27
0338_0013_0003_0026_0026.jpg 1 13 3 26 26
0339_0042_0010_0025_0025.jpg 1 42 10 25 25
0340_0044_0002_0025_0025.jpg 1 44 2 25 25
0341_0022_0005_0025_0025.jpg 1 22 5 25 25
0342_0060_0003_0025_0025.jpg 1 60 3 25 25
0343_0023_0010_0026_0026.jpg 1 23 10 26 26
0344_0032_0001_0025_0025.jpg 1 32 1 25 25
0345_0020_0011_0024_0024.jpg 1 20 11 24 24
0346_0013_0007_0027_0027.jpg 1 13 7 27 27
0347_0056_0011_0027_0027.jpg 1 56 11 27 27
0348_0029_0010_0024_0024.jpg 1 29 10 24 24
0349_0012_0011_0027_0027.jpg 1 12 11 27 27
0350_0063_0014_0024_0024.jpg 1 63 14 24 24
0351_0059_0004_0026_0026.jpg 1 59 4 26 26
0352_0017_0006_0026_0026.jpg 1 17 6 26 26
0353_0050_0005_0026_0026.jpg 1 50 5 26 26
0354_0019_0002_0025_0025.jpg 1 19 2 25 25
0355_0030_0010_0027_0027.jpg 1 30 10 27 27
0356_0040_0009_0024_0024.jpg 1 40 9 24 24
0357_0044_0008_0027_0027.jpg 1 44 8 27 27
0358_0064_0011_0024_0024.jpg 1 64 11 24 24
0359_0020_0009_0027_0027.jpg 1 20 9 27 27
0360_0059_0009_0025_0025.jpg 1 59 9 25 25
0361_0013_0002_0024_0024.jpg 1 13 2 24 24
0362_0023_0010_0026_0026.jpg 1 23 10 26 26
0363_0037_0009_0027_0027.jpg 1 37 9 27 27
0364_0044_0007_0024_0024.jpg 1 44 7 24 24
0365_0007_0008_0026_0026.jpg 1 7 8 26 26
0366_0062_0004_0025_0025.jpg 1 62 4 25 25
0367_0021_0009_0026_0026.jpg 1 21 9 26 26
0368_0042_0002_0024_0024.jpg 1 42 2 24 24
0369_0021_0009_0024_0024.jpg 1 21 9 24 24
0370_0045_0007_0026_0026.jpg 1 45 7 26 26
0371_0034_0007_0024_0024.jpg 1 34 7 24 24
0372_0032_0010_0024_0024.jpg 1 32 10 24 24
0373_0066_0012_0026_0026.jpg 1 66 12 26 26
0374_0033_0002_0027_0027.jpg 1 33 2 27 27
0375_0056_0003_0025_0025.jpg 1 56 3 25 25
0376_0055_0001_0027_0027.jpg 1 55 1 27 27
0377_0039_0005_0027_0027.jpg 1 39 5 27 27
0378_0012_0003_0025_0025.jpg 1 12 3 25 25
0379_0007_0012_0024_0024.jpg 1 7 12 24 24
0380_0053_0007_0027_0027.jpg 1 53 7 27 27
0381_0052_0005_0024_0024.jpg 1 52 5 24 24
0382_0054_0002_0027_0027.jpg 1 54 2 27 27
0383_0042_0007_0025_0025.jpg 1 42 7 25 25
0384_0010_0010_0026_0026.jpg 1 10 10 26 26
0385_0067_0010_0024_0024.jpg 1 67 10 24 24
0386_0026_0012_0025_0025.jpg 1 26 12 25 25
0387_0042_0003_0027_0027.jpg 1 42 3 27 27
0388_0028_0002_0025_0025.jpg 1 28 2 25 25
0389_0051_0011_0026_0026.jpg 1 51 11 26 26
0390_0061_0005_0024_0024.jpg 1 61 5 24 24
0391_0008_0012_0025_0025.jpg 1 8 12 25 25
0392_0035_0007_0026_0026.jpg 1 35 7 26 26
0393_0019_0012_0024_0024.jpg 1 19 12 24 24
0394_0011_0009_0026_0026.jpg 1 11 9 26 26
0395_0038_0004_0026_0026.jpg 1 38 4 26 26
0396_0014_0002_0025_0025.jpg 1 14 2 25 25
0397_0034_0012_0025_0025.jpg 1 34 12 25 25
0398_0029_0006_0026_0026.jpg 1 29 6 26 26
0399_0016_0007_0027_0027.jpg 1 16 7 27 27
0400_0026_0011_0026_0026.jpg 1 26 11 26 26
0401_0048_0006_0025_0025.jpg 1 48 6 25 25
0402_0009_0009_0025_0025.jpg 1 9 9 25 25
0403_0059_0004_0027_0027.jpg 1 59 4 27 27
0404_0042_0007_0027_0027.jpg 1 42 7 27 27
0405_0051_0003_0026_0026.jpg 1 51 3 26 26
0406_0033_0006_0026_0026.jpg 1 33 6 26 26
0407_0023_0001_0025_0025.jpg 1 23 1 25 25
0408_0042_0005_0024_0024.jpg 1 42 5 24 24
0409_0064_0004_0027_0027.jpg 1 64 4 27 27
0410_0032_0011_0024_0024.jpg 1 32 11 24 24
0411_0043_0001_0027_0027.jpg 1 43 1 27 27
0412_0050_0007_0027_0027.jpg 1 50 7 27 27
0413_0024_0003_0026_0026.jpg 1 24 3 26 26
0414_0034_0005_0026_0026.jpg 1 34 5 26 26
0415_0057_0006_0024_0024.jpg 1 57 6 24 24
0416_0015_0004_0024_0024.jpg 1 15 4 24 24
0417_0028_0001_0027_0027.jpg 1 28 1 27 27
0418_0027_0010_0027_0027.jpg 1 27 10 27 27
0419_0044_0010_0027_0027.jpg 1 44 10 27 27
0420_0065_0012_0024_0024.jpg 1 65 12 24 24
0421_0028_0010_0024_0024.jpg 1 28 10 24 24
0422_0043_0011_0027_0027.jpg 1 43 11 27 27
0423_0046_0009_0027_0027.jpg 1 46 9 27 27
0424_0042_0009_0024_0024.jpg 1 42 9 24 24
0425_0066_0010_0026_0026.jpg 1 66 10 26 26
0426_0015_0002_0024_0024.jpg 1 15 2 24 24
0427_0017_0008_0027_0027.jpg 1 17 8 27 27
0428_0024_0012_0025_0025.jpg 1 24 12 25 25
0429_0046_0006_0024_0024.jpg 1 46 6 24 24
0430_0065_0008_0024_0024.jpg 1 65 8 24 24
0431_0053_0011_0024_0024.jpg 1 53 11 24 24
0432_0034_0003_0024_0024.jpg 1 34 3 24 24
0433_0025_0008_0027_0027.jpg 1 25 8 27 27
0434_0014_0006_0025_0025.jpg 1 14 6 25 25
0435_0048_0002_0026_0026.jpg 1 48 2 26 26
0436_0016_0001_0026_0026.jpg 1 16 1 26 26
0437_0008_0007_0025_0025.jpg 1 8 7 25 25
0438_0029_0003_0026_0026.jpg 1 29 3 26 26
0439_0040_0005_0024_0024.jpg 1 40 5 24 24
0440_0017_0006_0027_0027.jpg 1 17 6 27 27
0441_0037_0008_0026_0026.jpg 1 37 8 26 26
0442_0051_0010_0025_0025.jpg 1 51 10 25 25
0443_0056_0003_0027_0027.jpg 1 56 3 27 27
0444_0014_0003_0024_0024.jpg 1 14 3 24 24
0445_0038_0001_0027_0027.jpg 1 38 1 27 27
0446_0049_0004_0026_0026.jpg 1 49 4 26 26
0447_0051_0009_0027_0027.jpg 1 51 9 27 27
0448_0018_0002_0025_0025.jpg 1 18 2 25 25
0449_0037_0006_0025_0025.jpg 1 37 6 25 25
0450_0062_0011_0024_0024.jpg 1 62 11 24 24
0451_0021_0003_0026_0026.jpg 1 21 3 26 26
0452_0050_0002_0026_0026.jpg 1 50 2 26 26
0453_0028_0004_0024_0024.jpg 1 28 4 24 24
0454_0057_0013_0024_0024.jpg 1 57 13 24 24
0455_0022_0010_0024_0024.jpg 1 22 10 24 24
0456_0039_0008_0025_0025.jpg 1 39 8 25 25
0457_0035_0003_0025_0025.jpg 1 35 3 25 25
0458_0060_0009_0026_0026.jpg 1 60 9 26 26
0459_0020_0004_0024_0024.jpg 1 20 4 24 24
0460_0062_0008_0025_0025.jpg 1 62 8 25 25
0461_0024_0007_0026_0026.jpg 1 24 7 26 26
0462_0061_0006_0026_0026.jpg 1 61 6 26 26
0463_0063_0011_0027_0027.jpg 1 63 11 27 27
0464_0028_0004_0027_0027.jpg 1 28 4 27 27
0465_0062_0005_0026_0026.jpg 1 62 5 26 26
0466_0048_0002_0024_0024.jpg 1 48 2 24 24
0467_0023_0006_0027_0027.jpg 1 23 6 27 27
0468_0050_0006_0025_0025.jpg 1 50 6 25 25
0469_0048_0007_0026_0026.jpg 1 48 7 26 26
0470_0044_0008_0026_0026.jpg 1 44 8 26 26
0471_0014_0006_0027_0027.jpg 1 14 6 27 27
0472_0029_0013_0024_0024.jpg 1 29 13 24 24
0473_0056_0002_0026_0026.jpg 1 56 2 26 26
0474_0033_0007_0024_0024.jpg 1 33 7 24 24
0475_0064_0006_0027_0027.jpg 1 64 6 27 27
0476_0027_0004_0024_0024.jpg 1 27 4 24 24
0477_0027_0007_0025_0025.jpg 1 27 7 25 25
0478_0033_0001_0027_0027.jpg 1 33 1 27 27
0479_0058_0003_0025_0025.jpg 1 58 3 25 25
0480_0043_0001_0026_0026.jpg 1 43 1 26 26
0481_0007_0002_0025_0025.jpg 1 7 2 25 25
0482_0008_0008_0024_0024.jpg 1 8 8 24 24
0483_0035_0006_0027_0027.jpg 1 35 6 27 27
0484_0030_0005_0026_0026.jpg 1 30 5 26 26
0485_0010_0005_0026_0026.jpg 1 10 5 26 26
0486_0038_0006_0026_0026.jpg 1 38 6 26 26
0487_0025_0008_0026_0026.jpg 1 25 8 26 26
0488_0017_0011_0026_0026.jpg 1 17 11 26 26
0489_0032_0002_0024_0024.jpg 1 32 2 24 24
0490_0026_0006_0024_0024.jpg 1 26 6 24 24
0491_0037_0006_0026_0026.jpg 1 37 6 26 26
0492_0052_0008_0026_0026.jpg 1 52 8 26 26
0493_0009_0001_0027_0027.jpg 1 9 1 27 27
0494_0053_0004_0026_0026.jpg 1 53 4 26 26
0495_0048_0011_0026_0026.jpg 1 48 11 26 26
0496_0015_0002_0024_0024.jpg 1 15 2 24 24
0497_0041_0010_0025_0025.jpg 1 41 10 25 25
0498_0032_0010_0026_0026.jpg 1 32 10 26 26
0499_0041_0006_0025_0025.jpg 1 41 6 25 25
0500_0042_0006_0026_0026.jpg 1 42 6 26 26
